[debug] [2024-02-10T21:24:12.161Z] ----------------------------------------------------------------------
[debug] [2024-02-10T21:24:12.162Z] Command:       /Users/jamesfincher/.nvm/versions/node/v21.6.0/bin/node /Users/jamesfincher/.nvm/versions/node/v21.6.0/bin/firebase init hosting
[debug] [2024-02-10T21:24:12.163Z] CLI Version:   13.2.1
[debug] [2024-02-10T21:24:12.163Z] Platform:      darwin
[debug] [2024-02-10T21:24:12.163Z] Node Version:  v21.6.0
[debug] [2024-02-10T21:24:12.163Z] Time:          Sat Feb 10 2024 13:24:12 GMT-0800 (Pacific Standard Time)
[debug] [2024-02-10T21:24:12.163Z] ----------------------------------------------------------------------
[debug] 
[debug] [2024-02-10T21:24:12.166Z] > command requires scopes: ["email","openid","https://www.googleapis.com/auth/cloudplatformprojects.readonly","https://www.googleapis.com/auth/firebase","https://www.googleapis.com/auth/cloud-platform"]
[debug] [2024-02-10T21:24:12.166Z] > authorizing via signed-in user (heartandkarma@gmail.com)
[info] 
     ######## #### ########  ######## ########     ###     ######  ########
     ##        ##  ##     ## ##       ##     ##  ##   ##  ##       ##
     ######    ##  ########  ######   ########  #########  ######  ######
     ##        ##  ##    ##  ##       ##     ## ##     ##       ## ##
     ##       #### ##     ## ######## ########  ##     ##  ######  ########

You're about to initialize a Firebase project in this directory:

  /Users/jamesfincher/code/mamad

[info] 
=== Project Setup
[info] 
[info] First, let's associate this project directory with a Firebase project.
[info] You can create multiple project aliases by running firebase use --add, 
[info] but for now we'll just set up a default project.
[info] 
[info] i  If you want to create a project in a Google Cloud organization or folder, please use "firebase projects:create" instead, and return to this command when you've created the project. 
[debug] [2024-02-10T21:24:33.386Z] >>> [apiv2][query] POST https://cloudresourcemanager.googleapis.com/v1/projects [none]
[debug] [2024-02-10T21:24:33.386Z] >>> [apiv2][body] POST https://cloudresourcemanager.googleapis.com/v1/projects {"projectId":"mamad","name":"mamad"}
[debug] [2024-02-10T21:24:33.851Z] <<< [apiv2][status] POST https://cloudresourcemanager.googleapis.com/v1/projects 400
[debug] [2024-02-10T21:24:33.851Z] <<< [apiv2][body] POST https://cloudresourcemanager.googleapis.com/v1/projects {"error":{"code":400,"message":"field [project_id] has issue [project_id must be at least 6 characters long]","status":"INVALID_ARGUMENT","details":[{"@type":"type.googleapis.com/google.rpc.BadRequest","fieldViolations":[{"field":"project_id","description":"project_id must be at least 6 characters long"}]},{"@type":"type.googleapis.com/google.rpc.Help","links":[{"url":"https://cloud.google.com/resource-manager/reference/rest/v1/projects"}]}]}}
[debug] [2024-02-10T21:24:33.944Z] FirebaseError: HTTP Error: 400, field [project_id] has issue [project_id must be at least 6 characters long]
    at responseToError (/Users/jamesfincher/.nvm/versions/node/v21.6.0/lib/node_modules/firebase-tools/lib/responseToError.js:49:12)
    at RetryOperation._fn (/Users/jamesfincher/.nvm/versions/node/v21.6.0/lib/node_modules/firebase-tools/lib/apiv2.js:292:77)
    at process.processTicksAndRejections (node:internal/process/task_queues:95:5)
[error] 
[error] Error: Failed to create project. See firebase-debug.log for more info.
[debug] [2024-02-10T21:24:37.794Z] ----------------------------------------------------------------------
[debug] [2024-02-10T21:24:37.795Z] Command:       /Users/jamesfincher/.nvm/versions/node/v21.6.0/bin/node /Users/jamesfincher/.nvm/versions/node/v21.6.0/bin/firebase init hosting
[debug] [2024-02-10T21:24:37.796Z] CLI Version:   13.2.1
[debug] [2024-02-10T21:24:37.796Z] Platform:      darwin
[debug] [2024-02-10T21:24:37.796Z] Node Version:  v21.6.0
[debug] [2024-02-10T21:24:37.796Z] Time:          Sat Feb 10 2024 13:24:37 GMT-0800 (Pacific Standard Time)
[debug] [2024-02-10T21:24:37.796Z] ----------------------------------------------------------------------
[debug] 
[debug] [2024-02-10T21:24:37.799Z] > command requires scopes: ["email","openid","https://www.googleapis.com/auth/cloudplatformprojects.readonly","https://www.googleapis.com/auth/firebase","https://www.googleapis.com/auth/cloud-platform"]
[debug] [2024-02-10T21:24:37.799Z] > authorizing via signed-in user (heartandkarma@gmail.com)
[info] 
     ######## #### ########  ######## ########     ###     ######  ########
     ##        ##  ##     ## ##       ##     ##  ##   ##  ##       ##
     ######    ##  ########  ######   ########  #########  ######  ######
     ##        ##  ##    ##  ##       ##     ## ##     ##       ## ##
     ##       #### ##     ## ######## ########  ##     ##  ######  ########

You're about to initialize a Firebase project in this directory:

  /Users/jamesfincher/code/mamad

[info] 
=== Project Setup
[info] 
[info] First, let's associate this project directory with a Firebase project.
[info] You can create multiple project aliases by running firebase use --add, 
[info] but for now we'll just set up a default project.
[info] 
[info] i  If you want to create a project in a Google Cloud organization or folder, please use "firebase projects:create" instead, and return to this command when you've created the project. 
[debug] [2024-02-10T21:24:41.851Z] >>> [apiv2][query] POST https://cloudresourcemanager.googleapis.com/v1/projects [none]
[debug] [2024-02-10T21:24:41.851Z] >>> [apiv2][body] POST https://cloudresourcemanager.googleapis.com/v1/projects {"projectId":"mamad","name":"mamad"}
[debug] [2024-02-10T21:24:42.052Z] <<< [apiv2][status] POST https://cloudresourcemanager.googleapis.com/v1/projects 400
[debug] [2024-02-10T21:24:42.052Z] <<< [apiv2][body] POST https://cloudresourcemanager.googleapis.com/v1/projects {"error":{"code":400,"message":"field [project_id] has issue [project_id must be at least 6 characters long]","status":"INVALID_ARGUMENT","details":[{"@type":"type.googleapis.com/google.rpc.BadRequest","fieldViolations":[{"field":"project_id","description":"project_id must be at least 6 characters long"}]},{"@type":"type.googleapis.com/google.rpc.Help","links":[{"url":"https://cloud.google.com/resource-manager/reference/rest/v1/projects"}]}]}}
[debug] [2024-02-10T21:24:42.148Z] FirebaseError: HTTP Error: 400, field [project_id] has issue [project_id must be at least 6 characters long]
    at responseToError (/Users/jamesfincher/.nvm/versions/node/v21.6.0/lib/node_modules/firebase-tools/lib/responseToError.js:49:12)
    at RetryOperation._fn (/Users/jamesfincher/.nvm/versions/node/v21.6.0/lib/node_modules/firebase-tools/lib/apiv2.js:292:77)
    at process.processTicksAndRejections (node:internal/process/task_queues:95:5)
[error] 
[error] Error: Failed to create project. See firebase-debug.log for more info.
[debug] [2024-02-10T21:24:55.296Z] ----------------------------------------------------------------------
[debug] [2024-02-10T21:24:55.297Z] Command:       /Users/jamesfincher/.nvm/versions/node/v21.6.0/bin/node /Users/jamesfincher/.nvm/versions/node/v21.6.0/bin/firebase init hosting
[debug] [2024-02-10T21:24:55.297Z] CLI Version:   13.2.1
[debug] [2024-02-10T21:24:55.297Z] Platform:      darwin
[debug] [2024-02-10T21:24:55.297Z] Node Version:  v21.6.0
[debug] [2024-02-10T21:24:55.298Z] Time:          Sat Feb 10 2024 13:24:55 GMT-0800 (Pacific Standard Time)
[debug] [2024-02-10T21:24:55.298Z] ----------------------------------------------------------------------
[debug] 
[debug] [2024-02-10T21:24:55.300Z] > command requires scopes: ["email","openid","https://www.googleapis.com/auth/cloudplatformprojects.readonly","https://www.googleapis.com/auth/firebase","https://www.googleapis.com/auth/cloud-platform"]
[debug] [2024-02-10T21:24:55.300Z] > authorizing via signed-in user (heartandkarma@gmail.com)
[info] 
     ######## #### ########  ######## ########     ###     ######  ########
     ##        ##  ##     ## ##       ##     ##  ##   ##  ##       ##
     ######    ##  ########  ######   ########  #########  ######  ######
     ##        ##  ##    ##  ##       ##     ## ##     ##       ## ##
     ##       #### ##     ## ######## ########  ##     ##  ######  ########

You're about to initialize a Firebase project in this directory:

  /Users/jamesfincher/code/mamad

[info] 
=== Project Setup
[info] 
[info] First, let's associate this project directory with a Firebase project.
[info] You can create multiple project aliases by running firebase use --add, 
[info] but for now we'll just set up a default project.
[info] 
[debug] [2024-02-10T21:24:56.401Z] >>> [apiv2][query] GET https://firebase.googleapis.com/v1beta1/projects pageSize=100
[debug] [2024-02-10T21:24:57.045Z] <<< [apiv2][status] GET https://firebase.googleapis.com/v1beta1/projects 200
[debug] [2024-02-10T21:24:57.045Z] <<< [apiv2][body] GET https://firebase.googleapis.com/v1beta1/projects [omitted]
[info] i  Using project mama-dees (Mama Dees) 
[info] 
=== Hosting Setup
[debug] [2024-02-10T21:25:01.027Z] >>> [apiv2][query] GET https://firebase.googleapis.com/v1beta1/projects/mama-dees [none]
[debug] [2024-02-10T21:25:01.440Z] <<< [apiv2][status] GET https://firebase.googleapis.com/v1beta1/projects/mama-dees 200
[debug] [2024-02-10T21:25:01.440Z] <<< [apiv2][body] GET https://firebase.googleapis.com/v1beta1/projects/mama-dees {"projectId":"mama-dees","projectNumber":"12054418961","displayName":"Mama Dees","name":"projects/mama-dees","resources":{"hostingSite":"mama-dees"},"state":"ACTIVE","etag":"1_011bbac0-e4d6-4928-8899-c8035cb943ab"}
[info] 
[info] i  Detected a .git folder at /Users/jamesfincher/code/mamad 
[info] i  Authorizing with GitHub to upload your service account to a GitHub repository's secrets store. 
[info] 
[info] Visit this URL on this device to log in:
[info] https://github.com/login/oauth/authorize?client_id=89cf50f02ac6aaed3484&state=688651833&redirect_uri=http%3A%2F%2Flocalhost%3A9005&scope=read%3Auser%20repo%20public_repo
[info] 
[info] Waiting for authentication...
[debug] [2024-02-10T21:25:24.311Z] >>> [apiv2][query] POST https://github.com/login/oauth/access_token [none]
[debug] [2024-02-10T21:25:24.311Z] >>> [apiv2][body] POST https://github.com/login/oauth/access_token [stream]
[debug] [2024-02-10T21:25:24.592Z] <<< [apiv2][status] POST https://github.com/login/oauth/access_token 200
[debug] [2024-02-10T21:25:24.593Z] <<< [apiv2][body] POST https://github.com/login/oauth/access_token {"access_token":"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","token_type":"bearer","scope":"read:user,repo"}
[debug] [2024-02-10T21:25:24.617Z] >>> [apiv2][query] GET https://api.github.com/user [none]
[debug] [2024-02-10T21:25:24.944Z] <<< [apiv2][status] GET https://api.github.com/user 200
[debug] [2024-02-10T21:25:24.944Z] <<< [apiv2][body] GET https://api.github.com/user {"login":"JamesFincher","id":92679844,"node_id":"U_kgDOBYYupA","avatar_url":"https://avatars.githubusercontent.com/u/92679844?v=4","gravatar_id":"","url":"https://api.github.com/users/JamesFincher","html_url":"https://github.com/JamesFincher","followers_url":"https://api.github.com/users/JamesFincher/followers","following_url":"https://api.github.com/users/JamesFincher/following{/other_user}","gists_url":"https://api.github.com/users/JamesFincher/gists{/gist_id}","starred_url":"https://api.github.com/users/JamesFincher/starred{/owner}{/repo}","subscriptions_url":"https://api.github.com/users/JamesFincher/subscriptions","organizations_url":"https://api.github.com/users/JamesFincher/orgs","repos_url":"https://api.github.com/users/JamesFincher/repos","events_url":"https://api.github.com/users/JamesFincher/events{/privacy}","received_events_url":"https://api.github.com/users/JamesFincher/received_events","type":"User","site_admin":false,"name":"James Fincher","company":null,"blog":"https://jamesfincher.github.io/","location":"Sacramento, California","email":"heartandkarma@gmail.com","hireable":true,"bio":"Full Stack Developer here! I have a diverse skillset in React, Node, Express and much more. I am always pushing to learn new tools and libraries. ~Lets do this!","twitter_username":null,"public_repos":171,"public_gists":2,"followers":4,"following":9,"created_at":"2021-10-17T14:13:36Z","updated_at":"2024-01-16T01:32:50Z","private_gists":0,"total_private_repos":33,"owned_private_repos":32,"disk_usage":264282,"collaborators":0,"two_factor_authentication":true,"plan":{"name":"pro","space":976562499,"collaborators":0,"private_repos":9999}}
[info] 
[info] ✔  Success! Logged into GitHub as JamesFincher 
[info] 
